0 info it worked if it ends with ok
1 verbose cli [ '/usr/bin/node',
1 verbose cli   '/usr/bin/npm',
1 verbose cli   'install',
1 verbose cli   '--global',
1 verbose cli   '--unsafe-perm',
1 verbose cli   'now' ]
2 info using npm@3.5.2
3 info using node@v8.10.0
4 silly loadCurrentTree Starting
5 silly install loadCurrentTree
6 silly install readGlobalPackageData
7 silly fetchPackageMetaData now
8 silly fetchNamedPackageData now
9 silly mapToRegistry name now
10 silly mapToRegistry using default registry
11 silly mapToRegistry registry https://registry.npmjs.org/
12 silly mapToRegistry uri https://registry.npmjs.org/now
13 verbose request uri https://registry.npmjs.org/now
14 verbose request no auth needed
15 info attempt registry request try #1 at 09:13:32
16 verbose request id c7130f7cfc0ee74f
17 http request GET https://registry.npmjs.org/now
18 http 200 https://registry.npmjs.org/now
19 verbose headers { date: 'Wed, 06 May 2020 06:13:35 GMT',
19 verbose headers   'content-type': 'application/json',
19 verbose headers   'transfer-encoding': 'chunked',
19 verbose headers   connection: 'keep-alive',
19 verbose headers   'set-cookie':
19 verbose headers    [ '__cfduid=d52372be00ec5d2ecc2af309f2906b97a1588745614; expires=Fri, 05-Jun-20 06:13:34 GMT; path=/; domain=.npmjs.org; HttpOnly; SameSite=Lax' ],
19 verbose headers   'cf-ray': '58f08e586b3e8aea-KBP',
19 verbose headers   'cache-control': 'public, max-age=300',
19 verbose headers   etag: 'W/"edbaf4162ef85144824c1a14de6112bc"',
19 verbose headers   'last-modified': 'Tue, 05 May 2020 19:11:23 GMT',
19 verbose headers   vary: 'accept-encoding, accept',
19 verbose headers   'cf-cache-status': 'MISS',
19 verbose headers   'expect-ct': 'max-age=604800, report-uri="https://report-uri.cloudflare.com/cdn-cgi/beacon/expect-ct"',
19 verbose headers   server: 'cloudflare',
19 verbose headers   'content-encoding': 'gzip',
19 verbose headers   'cf-request-id': '028a374b4100008aea73a0e200000001' }
20 silly get cb [ 200,
20 silly get   { date: 'Wed, 06 May 2020 06:13:35 GMT',
20 silly get     'content-type': 'application/json',
20 silly get     'transfer-encoding': 'chunked',
20 silly get     connection: 'keep-alive',
20 silly get     'set-cookie':
20 silly get      [ '__cfduid=d52372be00ec5d2ecc2af309f2906b97a1588745614; expires=Fri, 05-Jun-20 06:13:34 GMT; path=/; domain=.npmjs.org; HttpOnly; SameSite=Lax' ],
20 silly get     'cf-ray': '58f08e586b3e8aea-KBP',
20 silly get     'cache-control': 'public, max-age=300',
20 silly get     etag: 'W/"edbaf4162ef85144824c1a14de6112bc"',
20 silly get     'last-modified': 'Tue, 05 May 2020 19:11:23 GMT',
20 silly get     vary: 'accept-encoding, accept',
20 silly get     'cf-cache-status': 'MISS',
20 silly get     'expect-ct': 'max-age=604800, report-uri="https://report-uri.cloudflare.com/cdn-cgi/beacon/expect-ct"',
20 silly get     server: 'cloudflare',
20 silly get     'content-encoding': 'gzip',
20 silly get     'cf-request-id': '028a374b4100008aea73a0e200000001' } ]
21 verbose get saving now to /home/ann/.npm/registry.npmjs.org/now/.cache.json
22 silly install normalizeTree
23 silly loadCurrentTree Finishing
24 silly loadIdealTree Starting
25 silly install loadIdealTree
26 silly cloneCurrentTree Starting
27 silly install cloneCurrentTreeToIdealTree
28 silly cloneCurrentTree Finishing
29 silly loadShrinkwrap Starting
30 silly install loadShrinkwrap
31 silly loadShrinkwrap Finishing
32 silly loadAllDepsIntoIdealTree Starting
33 silly install loadAllDepsIntoIdealTree
34 silly resolveWithNewModule now@18.0.0 checking installable status
35 silly cache add args [ 'now', null ]
36 verbose cache add spec now
37 silly cache add parsed spec Result {
37 silly cache add   raw: 'now',
37 silly cache add   scope: null,
37 silly cache add   name: 'now',
37 silly cache add   rawSpec: '',
37 silly cache add   spec: 'latest',
37 silly cache add   type: 'tag' }
38 silly addNamed now@latest
39 verbose addNamed "latest" is being treated as a dist-tag for now
40 info addNameTag [ 'now', 'latest' ]
41 silly mapToRegistry name now
42 silly mapToRegistry using default registry
43 silly mapToRegistry registry https://registry.npmjs.org/
44 silly mapToRegistry uri https://registry.npmjs.org/now
45 verbose addNameTag registry:https://registry.npmjs.org/now not in flight; fetching
46 verbose get https://registry.npmjs.org/now not expired, no request
47 silly addNameTag next cb for now with tag latest
48 silly addNamed now@18.0.0
49 verbose addNamed "18.0.0" is a plain semver version for now
50 silly mapToRegistry name now
51 silly mapToRegistry using default registry
52 silly mapToRegistry registry https://registry.npmjs.org/
53 silly mapToRegistry uri https://registry.npmjs.org/now
54 verbose addRemoteTarball https://registry.npmjs.org/now/-/now-18.0.0.tgz not in flight; adding
55 verbose addRemoteTarball [ 'https://registry.npmjs.org/now/-/now-18.0.0.tgz',
55 verbose addRemoteTarball   'e6689205346e354f822b1f5feb2c0d7d570c172f' ]
56 info retry fetch attempt 1 at 09:13:38
57 info attempt registry request try #1 at 09:13:38
58 http fetch GET https://registry.npmjs.org/now/-/now-18.0.0.tgz
59 http fetch 200 https://registry.npmjs.org/now/-/now-18.0.0.tgz
60 silly fetchAndShaCheck shasum e6689205346e354f822b1f5feb2c0d7d570c172f
61 verbose addTmpTarball /tmp/npm-6567-86fe2f83/registry.npmjs.org/now/-/now-18.0.0.tgz not in flight; adding
62 verbose addTmpTarball already have metadata; skipping unpack for now@18.0.0
63 silly cache afterAdd now@18.0.0
64 verbose afterAdd /home/ann/.npm/now/18.0.0/package/package.json not in flight; writing
65 verbose afterAdd /home/ann/.npm/now/18.0.0/package/package.json written
66 silly loadAllDepsIntoIdealTree Finishing
67 silly idealTree:prePrune lib
67 silly idealTree:prePrune └── now@18.0.0
68 silly loadIdealTree Finishing
69 silly currentTree lib
70 silly idealTree lib
70 silly idealTree └── now@18.0.0
71 silly generateActionsToTake Starting
72 silly install generateActionsToTake
73 silly generateActionsToTake Finishing
74 silly diffTrees action count 1
75 silly diffTrees add now@18.0.0
76 silly decomposeActions action count 8
77 silly decomposeActions fetch now@18.0.0
78 silly decomposeActions extract now@18.0.0
79 silly decomposeActions test now@18.0.0
80 silly decomposeActions preinstall now@18.0.0
81 silly decomposeActions build now@18.0.0
82 silly decomposeActions install now@18.0.0
83 silly decomposeActions postinstall now@18.0.0
84 silly decomposeActions finalize now@18.0.0
85 silly executeActions Starting
86 silly install executeActions
87 silly doSerial global-install 0
88 silly doParallel fetch 1
89 verbose lock using /home/ann/.npm/_locks/staging-3a08f0df5026584d.lock for /usr/local/lib/node_modules/.staging
90 silly doParallel extract 1
91 silly extract now@18.0.0
92 verbose unbuild lib/node_modules/.staging/now-b6975e36
93 silly gentlyRm /usr/local/lib/node_modules/.staging/now-b6975e36 is being purged from base /usr/local
94 verbose gentlyRm don't care about contents; nuking /usr/local/lib/node_modules/.staging/now-b6975e36
95 verbose tar unpack /home/ann/.npm/now/18.0.0/package.tgz
96 verbose tar unpacking to /usr/local/lib/node_modules/.staging/now-b6975e36
97 silly gentlyRm /usr/local/lib/node_modules/.staging/now-b6975e36 is being purged
98 verbose gentlyRm don't care about contents; nuking /usr/local/lib/node_modules/.staging/now-b6975e36
99 silly gunzTarPerm modes [ '755', '644' ]
100 silly gunzTarPerm extractEntry dist/runtimes/nodejs/bootstrap
101 silly gunzTarPerm extractEntry dist/runtimes/nodejs10.x/bootstrap
102 silly gunzTarPerm extractEntry dist/runtimes/nodejs12.x/bootstrap
103 silly gunzTarPerm extractEntry dist/runtimes/nodejs6.10/bootstrap
104 silly gunzTarPerm extractEntry dist/runtimes/nodejs8.10/bootstrap
105 silly gunzTarPerm extractEntry dist/runtimes/provided/bootstrap
106 silly gunzTarPerm extractEntry dist/runtimes/python/bootstrap
107 silly gunzTarPerm extractEntry dist/runtimes/python2.7/bootstrap
108 silly gunzTarPerm extractEntry dist/runtimes/python3.6/bootstrap
109 silly gunzTarPerm extractEntry dist/runtimes/python3.7/bootstrap
110 silly gunzTarPerm extractEntry dist/runtimes/python3/bootstrap
111 silly gunzTarPerm extractEntry dist/config-chain/LICENCE
112 silly gunzTarPerm extractEntry LICENSE
113 silly gunzTarPerm extractEntry dist/term-size
114 silly gunzTarPerm extractEntry dist/xsel
115 silly gunzTarPerm extractEntry dist/clipboard_i686.exe
116 silly gunzTarPerm extractEntry dist/clipboard_x86_64.exe
117 silly gunzTarPerm extractEntry dist/term-size.exe
118 silly gunzTarPerm extractEntry dist/runtimes/go1.x/bootstrap.go
119 silly gunzTarPerm extractEntry dist/builders.tar.gz
120 silly gunzTarPerm extractEntry dist/runtimes/go1.x/bootstrap.js
121 silly gunzTarPerm extractEntry dist/runtimes/nodejs/bootstrap.js
122 silly gunzTarPerm extractEntry dist/runtimes/nodejs10.x/bootstrap.js
123 silly gunzTarPerm extractEntry dist/runtimes/nodejs12.x/bootstrap.js
124 silly gunzTarPerm extractEntry dist/runtimes/nodejs6.10/bootstrap.js
125 silly gunzTarPerm extractEntry dist/runtimes/nodejs8.10/bootstrap.js
126 silly gunzTarPerm extractEntry dist/runtimes/provided/bootstrap.js
127 silly gunzTarPerm extractEntry dist/runtimes/python/bootstrap.js
128 silly gunzTarPerm extractEntry dist/runtimes/python2.7/bootstrap.js
129 silly gunzTarPerm extractEntry dist/runtimes/python3.6/bootstrap.js
130 silly gunzTarPerm extractEntry dist/runtimes/python3.7/bootstrap.js
131 silly gunzTarPerm extractEntry dist/runtimes/python3/bootstrap.js
132 silly gunzTarPerm extractEntry dist/builder-worker.js
133 silly gunzTarPerm extractEntry dist/runtimes/go1.x/filename.js
134 silly gunzTarPerm extractEntry dist/index.js
135 silly gunzTarPerm extractEntry dist/runtimes/go1.x/index.js
136 silly gunzTarPerm extractEntry dist/runtimes/nodejs10.x/index.js
137 silly gunzTarPerm extractEntry dist/runtimes/nodejs12.x/index.js
138 silly gunzTarPerm extractEntry dist/runtimes/nodejs6.10/index.js
139 silly gunzTarPerm extractEntry dist/runtimes/nodejs8.10/index.js
140 silly gunzTarPerm extractEntry dist/runtimes/python2.7/index.js
141 silly gunzTarPerm extractEntry dist/runtimes/python3.6/index.js
142 silly gunzTarPerm extractEntry dist/runtimes/python3.7/index.js
143 silly gunzTarPerm extractEntry dist/runtimes/python3/index.js
144 silly gunzTarPerm extractEntry scripts/preinstall.js
145 silly gunzTarPerm extractEntry dist/sourcemap-register.js
146 silly gunzTarPerm extractEntry dist/util/billing/card-brands.json
147 silly gunzTarPerm extractEntry dist/config-chain/package.json
148 silly gunzTarPerm extractEntry package.json
149 silly gunzTarPerm extractEntry dist/util/dev/templates/error_404.jst
150 silly gunzTarPerm extractEntry dist/util/dev/templates/error_502.jst
151 silly gunzTarPerm extractEntry dist/util/dev/templates/error_base.jst
152 silly gunzTarPerm extractEntry dist/util/dev/templates/error.jst
153 silly gunzTarPerm extractEntry dist/util/dev/templates/redirect.jst
154 silly gunzTarPerm extractEntry dist/runtimes/go1.x/bootstrap.js.map
155 silly gunzTarPerm extractEntry dist/runtimes/nodejs/bootstrap.js.map
156 silly gunzTarPerm extractEntry dist/runtimes/nodejs10.x/bootstrap.js.map
157 silly gunzTarPerm extractEntry dist/runtimes/nodejs12.x/bootstrap.js.map
158 silly gunzTarPerm extractEntry dist/runtimes/nodejs6.10/bootstrap.js.map
159 silly gunzTarPerm extractEntry dist/runtimes/nodejs8.10/bootstrap.js.map
160 silly gunzTarPerm extractEntry dist/runtimes/provided/bootstrap.js.map
161 silly gunzTarPerm extractEntry dist/runtimes/python/bootstrap.js.map
162 silly gunzTarPerm extractEntry dist/runtimes/python2.7/bootstrap.js.map
163 silly gunzTarPerm extractEntry dist/runtimes/python3.6/bootstrap.js.map
164 silly gunzTarPerm extractEntry dist/runtimes/python3.7/bootstrap.js.map
165 silly gunzTarPerm extractEntry dist/runtimes/python3/bootstrap.js.map
166 silly gunzTarPerm extractEntry dist/runtimes/go1.x/filename.js.map
167 silly gunzTarPerm extractEntry dist/index.js.map
168 silly gunzTarPerm extractEntry dist/runtimes/go1.x/index.js.map
169 silly gunzTarPerm extractEntry dist/runtimes/nodejs10.x/index.js.map
170 silly gunzTarPerm extractEntry dist/runtimes/nodejs12.x/index.js.map
171 silly gunzTarPerm extractEntry dist/runtimes/nodejs6.10/index.js.map
172 silly gunzTarPerm extractEntry dist/runtimes/nodejs8.10/index.js.map
173 silly gunzTarPerm extractEntry dist/runtimes/python2.7/index.js.map
174 silly gunzTarPerm extractEntry dist/runtimes/python3.6/index.js.map
175 silly gunzTarPerm extractEntry dist/runtimes/python3.7/index.js.map
176 silly gunzTarPerm extractEntry dist/runtimes/python3/index.js.map
177 silly gunzTarPerm extractEntry dist/config-chain/readme.markdown
178 silly gunzTarPerm extractEntry README.md
179 silly gunzTarPerm extractEntry dist/runtimes/python/bootstrap.py
180 silly gunzTarPerm extractEntry dist/util/dns/add-dns-record.ts
181 silly gunzTarPerm extractEntry dist/util/domains/add-domain.ts
182 silly gunzTarPerm extractEntry dist/util/env/add-env-record.ts
183 silly gunzTarPerm extractEntry dist/util/arg-common.ts
184 silly gunzTarPerm extractEntry dist/util/alias/assign-alias.ts
185 silly gunzTarPerm extractEntry dist/runtimes/go1.x/bootstrap.d.ts
186 silly gunzTarPerm extractEntry dist/runtimes/nodejs/bootstrap.d.ts
187 silly gunzTarPerm extractEntry dist/runtimes/nodejs10.x/bootstrap.d.ts
188 silly gunzTarPerm extractEntry dist/runtimes/nodejs12.x/bootstrap.d.ts
189 silly gunzTarPerm extractEntry dist/runtimes/nodejs6.10/bootstrap.d.ts
190 silly gunzTarPerm extractEntry dist/runtimes/nodejs8.10/bootstrap.d.ts
191 silly gunzTarPerm extractEntry dist/runtimes/provided/bootstrap.d.ts
192 silly gunzTarPerm extractEntry dist/runtimes/python/bootstrap.d.ts
193 silly gunzTarPerm extractEntry dist/runtimes/python2.7/bootstrap.d.ts
194 silly gunzTarPerm extractEntry dist/runtimes/python3.6/bootstrap.d.ts
195 silly gunzTarPerm extractEntry dist/runtimes/python3.7/bootstrap.d.ts
196 silly gunzTarPerm extractEntry dist/runtimes/python3/bootstrap.d.ts
197 silly gunzTarPerm extractEntry dist/util/dev/builder-cache.ts
198 silly gunzTarPerm extractEntry dist/util/dev/builder.ts
199 silly gunzTarPerm extractEntry dist/util/output/chars.ts
200 silly gunzTarPerm extractEntry dist/util/domains/check-transfer.ts
201 silly gunzTarPerm extractEntry dist/util/client.ts
202 silly gunzTarPerm extractEntry dist/util/output/cmd.ts
203 silly gunzTarPerm extractEntry dist/util/output/code.ts
204 silly gunzTarPerm extractEntry dist/util/combine-async-generators.ts
205 silly gunzTarPerm extractEntry dist/util/input/confirm.ts
206 silly gunzTarPerm extractEntry dist/util/constants.ts
207 silly gunzTarPerm extractEntry dist/util/alias/create-alias.ts
208 silly gunzTarPerm extractEntry dist/util/certs/create-cert-for-alias.ts
209 silly gunzTarPerm extractEntry dist/util/certs/create-cert-for-cns.ts
210 silly gunzTarPerm extractEntry dist/util/certs/create-cert-from-file.ts
211 silly gunzTarPerm extractEntry dist/util/output/create-output.ts
212 silly gunzTarPerm extractEntry dist/util/create-polling-fn.ts
213 silly gunzTarPerm extractEntry dist/dist/debug.d.ts
214 silly gunzTarPerm extractEntry dist/util/certs/delete-cert-by-id.ts
215 silly gunzTarPerm extractEntry dist/util/dns/delete-dns-record-by-id.ts
216 silly gunzTarPerm extractEntry dist/util/alias/deployment-is-aliased.ts
217 silly gunzTarPerm extractEntry dist/util/alias/deployment-should-copy-scale.ts
218 silly gunzTarPerm extractEntry dist/util/alias/deployment-should-downscale.ts
219 silly gunzTarPerm extractEntry dist/dist/detect-builders.d.ts
220 silly gunzTarPerm extractEntry dist/dist/detect-framework.d.ts
221 silly gunzTarPerm extractEntry dist/util/init/did-you-mean.ts
222 silly gunzTarPerm extractEntry dist/dist/fs/download.d.ts
223 silly gunzTarPerm extractEntry dist/util/input/edit-project-settings.ts
224 silly gunzTarPerm extractEntry dist/util/output/elapsed.ts
225 silly gunzTarPerm extractEntry dist/util/emoji.ts
226 silly gunzTarPerm extractEntry dist/util/env/env-target.ts
227 silly gunzTarPerm extractEntry dist/util/output/erase-lines.ts
228 silly gunzTarPerm extractEntry dist/util/dev/templates/error_404.ts
229 silly gunzTarPerm extractEntry dist/util/dev/templates/error_502.ts
230 silly gunzTarPerm extractEntry dist/util/dev/templates/error_base.ts
231 silly gunzTarPerm extractEntry dist/util/dev/templates/error.ts
232 silly gunzTarPerm extractEntry dist/util/output/error.ts
233 silly gunzTarPerm extractEntry dist/util/errors-ts.ts
234 silly gunzTarPerm extractEntry dist/dist/errors.d.ts
235 silly gunzTarPerm extractEntry dist/util/dev/errors.ts
236 silly gunzTarPerm extractEntry dist/util/errors.ts
237 silly gunzTarPerm extractEntry dist/util/event-listener-to-generator.ts
238 silly gunzTarPerm extractEntry dist/util/alias/extract-domain.ts
239 silly gunzTarPerm extractEntry dist/dist/file-blob.d.ts
240 silly gunzTarPerm extractEntry dist/dist/file-fs-ref.d.ts
241 silly gunzTarPerm extractEntry dist/dist/file-ref.d.ts
242 silly gunzTarPerm extractEntry dist/runtimes/go1.x/filename.d.ts
243 silly gunzTarPerm extractEntry dist/util/config/files.ts
244 silly gunzTarPerm extractEntry dist/dist/detectors/filesystem.d.ts
245 silly gunzTarPerm extractEntry dist/util/alias/find-alias-by-alias-or-id.ts
246 silly gunzTarPerm extractEntry dist/util/certs/finish-cert-order.ts
247 silly gunzTarPerm extractEntry dist/util/format-date.ts
248 silly gunzTarPerm extractEntry dist/util/format-dns-table.ts
249 silly gunzTarPerm extractEntry dist/util/format-ns-table.ts
250 silly gunzTarPerm extractEntry dist/util/format-table.ts
251 silly gunzTarPerm extractEntry dist/util/deploy/generate-cert-for-deploy.ts
252 silly gunzTarPerm extractEntry dist/util/alias/get-aliases.ts
253 silly gunzTarPerm extractEntry dist/util/deploy/get-app-last-deployment.ts
254 silly gunzTarPerm extractEntry dist/util/deploy/get-app-name.ts
255 silly gunzTarPerm extractEntry dist/util/get-args.ts
256 silly gunzTarPerm extractEntry dist/util/domains/get-auth-code.ts
257 silly gunzTarPerm extractEntry dist/util/dev/get-bundled-builders.ts
258 silly gunzTarPerm extractEntry dist/util/certs/get-cert-by-id.ts
259 silly gunzTarPerm extractEntry dist/util/certs/get-certs-for-domain.ts
260 silly gunzTarPerm extractEntry dist/util/certs/get-certs.ts
261 silly gunzTarPerm extractEntry dist/util/certs/get-cns-from-args.ts
262 silly gunzTarPerm extractEntry dist/util/get-command-flags.ts
263 silly gunzTarPerm extractEntry dist/util/get-config.ts
264 silly gunzTarPerm extractEntry dist/util/env/get-decrypted-secret.ts
265 silly gunzTarPerm extractEntry dist/util/alias/get-deployment-by-alias.ts
266 silly gunzTarPerm extractEntry dist/util/deploy/get-deployment-by-id-or-host.ts
267 silly gunzTarPerm extractEntry dist/util/deploy/get-deployment-by-id-or-throw.ts
268 silly gunzTarPerm extractEntry dist/util/alias/get-deployment-downscale-presets.ts
269 silly gunzTarPerm extractEntry dist/util/alias/get-deployment-for-alias.ts
270 silly gunzTarPerm extractEntry dist/util/alias/get-deployment-from-alias.ts
271 silly gunzTarPerm extractEntry dist/util/deploy/get-deployment-instances.ts
272 silly gunzTarPerm extractEntry dist/util/deploy/get-deployments-by-appname.ts
273 silly gunzTarPerm extractEntry dist/util/deploy/get-deployments-by-project-id.ts
274 silly gunzTarPerm extractEntry dist/util/get-dist-tag.ts
275 silly gunzTarPerm extractEntry dist/util/dns/get-dns-data.ts
276 silly gunzTarPerm extractEntry dist/util/dns/get-dns-record-by-id.ts
277 silly gunzTarPerm extractEntry dist/util/dns/get-dns-records.ts
278 silly gunzTarPerm extractEntry dist/util/alias/get-domain-aliases.ts
279 silly gunzTarPerm extractEntry dist/util/domains/get-domain-by-name.ts
280 silly gunzTarPerm extractEntry dist/util/dns/get-domain-dns-records.ts
281 silly gunzTarPerm extractEntry dist/util/domains/get-domain-price.ts
282 silly gunzTarPerm extractEntry dist/util/domains/get-domain-status.ts
283 silly gunzTarPerm extractEntry dist/util/domains/get-domains.ts
284 silly gunzTarPerm extractEntry dist/util/env/get-env-records.ts
285 silly gunzTarPerm extractEntry dist/util/get-files.ts
286 silly gunzTarPerm extractEntry dist/util/get-frameworks.ts
287 silly gunzTarPerm extractEntry dist/util/get-invalid-subcommand.ts
288 silly gunzTarPerm extractEntry dist/util/scale/get-max-from-args.ts
289 silly gunzTarPerm extractEntry dist/util/scale/get-min-from-args.ts
290 silly gunzTarPerm extractEntry dist/util/projects/get-project-by-id-or-name.ts
291 silly gunzTarPerm extractEntry dist/util/scale/get-raw-min-from-args.ts
292 silly gunzTarPerm extractEntry dist/util/alias/get-rules-from-file.ts
293 silly gunzTarPerm extractEntry dist/util/scale/get-scale-for-dc.ts
294 silly gunzTarPerm extractEntry dist/util/get-scope.ts
295 silly gunzTarPerm extractEntry dist/util/get-subcommand.ts
296 silly gunzTarPerm extractEntry dist/util/alias/get-targets-for-alias.ts
297 silly gunzTarPerm extractEntry dist/util/get-team-by-id.ts
298 silly gunzTarPerm extractEntry dist/util/get-teams.ts
299 silly gunzTarPerm extractEntry dist/util/get-update-command.ts
300 silly gunzTarPerm extractEntry dist/util/get-user.ts
301 silly gunzTarPerm extractEntry dist/util/certs/get-wildcard-cns-for-alias.ts
302 silly gunzTarPerm extractEntry dist/dist/fs/get-writable-directory.d.ts
303 silly gunzTarPerm extractEntry dist/dist/fs/glob.d.ts
304 silly gunzTarPerm extractEntry dist/util/config/global-path.ts
305 silly gunzTarPerm extractEntry dist/util/certs/handle-cert-error.ts
306 silly gunzTarPerm extractEntry dist/util/handle-error.ts
307 silly gunzTarPerm extractEntry dist/util/output/highlight.ts
308 silly gunzTarPerm extractEntry dist/util/humanize-path.ts
309 silly gunzTarPerm extractEntry dist/util/ignored.ts
310 silly gunzTarPerm extractEntry dist/util/dns/import-zonefile.ts
311 silly gunzTarPerm extractEntry dist/dist/index.d.ts
312 silly gunzTarPerm extractEntry dist/runtimes/go1.x/index.d.ts
313 silly gunzTarPerm extractEntry dist/runtimes/nodejs10.x/index.d.ts
314 silly gunzTarPerm extractEntry dist/runtimes/nodejs12.x/index.d.ts
315 silly gunzTarPerm extractEntry dist/runtimes/nodejs6.10/index.d.ts
316 silly gunzTarPerm extractEntry dist/runtimes/nodejs8.10/index.d.ts
317 silly gunzTarPerm extractEntry dist/runtimes/python2.7/index.d.ts
318 silly gunzTarPerm extractEntry dist/runtimes/python3.6/index.d.ts
319 silly gunzTarPerm extractEntry dist/runtimes/python3.7/index.d.ts
320 silly gunzTarPerm extractEntry dist/runtimes/python3/index.d.ts
321 silly gunzTarPerm extractEntry dist/util/output/index.ts
322 silly gunzTarPerm extractEntry dist/util/output/info.ts
323 silly gunzTarPerm extractEntry dist/util/input/input-project.ts
324 silly gunzTarPerm extractEntry dist/util/input/input-root-directory.ts
325 silly gunzTarPerm extractEntry dist/util/is-canary.ts
326 silly gunzTarPerm extractEntry dist/util/domains/is-domain-external.ts
327 silly gunzTarPerm extractEntry dist/util/is-root-domain.ts
328 silly gunzTarPerm extractEntry dist/util/is-setting-value.ts
329 silly gunzTarPerm extractEntry dist/util/dev/is-url.ts
330 silly gunzTarPerm extractEntry dist/util/scale/is-valid-min-max-value.ts
331 silly gunzTarPerm extractEntry dist/util/is-valid-name.ts
332 silly gunzTarPerm extractEntry dist/util/alias/is-wildcard-alias.ts
333 silly gunzTarPerm extractEntry dist/util/certs/issue-cert.ts
334 silly gunzTarPerm extractEntry dist/util/output/join-words.ts
335 silly gunzTarPerm extractEntry dist/util/env/known-error.ts
336 silly gunzTarPerm extractEntry dist/dist/lambda.d.ts
337 silly gunzTarPerm extractEntry dist/util/output/link.ts
338 silly gunzTarPerm extractEntry dist/util/projects/link.ts
339 silly gunzTarPerm extractEntry dist/util/output/list-item.ts
340 silly gunzTarPerm extractEntry dist/util/config/local-path.ts
341 silly gunzTarPerm extractEntry dist/util/login/login.ts
342 silly gunzTarPerm extractEntry dist/util/output/logo.ts
343 silly gunzTarPerm extractEntry dist/util/certs/map-cert-error.ts
344 silly gunzTarPerm extractEntry dist/util/domains/maybe-get-domain-by-name.ts
345 silly gunzTarPerm extractEntry dist/util/metrics.ts
346 silly gunzTarPerm extractEntry dist/util/dev/mime-type.ts
347 silly gunzTarPerm extractEntry dist/util/domains/move-out-domain.ts
348 silly gunzTarPerm extractEntry dist/dist/fs/node-version.d.ts
349 silly gunzTarPerm extractEntry dist/util/now-error.ts
350 silly gunzTarPerm extractEntry dist/util/once.ts
351 silly gunzTarPerm extractEntry dist/util/output/param.ts
352 silly gunzTarPerm extractEntry dist/util/dns/parse-add-dns-record-args.ts
353 silly gunzTarPerm extractEntry dist/util/dev/parse-listen.ts
354 silly gunzTarPerm extractEntry dist/util/scale/patch-deployment-scale.ts
355 silly gunzTarPerm extractEntry dist/util/path-helpers.ts
356 silly gunzTarPerm extractEntry dist/util/pkg.ts
357 silly gunzTarPerm extractEntry dist/util/prefer-v2-deployment.ts
358 silly gunzTarPerm extractEntry dist/dist/prerender.d.ts
359 silly gunzTarPerm extractEntry dist/util/deploy/process-deployment.ts
360 silly gunzTarPerm extractEntry dist/util/deploy/process-legacy-deployment.ts
361 silly gunzTarPerm extractEntry dist/util/input/prompt-bool.ts
362 silly gunzTarPerm extractEntry dist/util/prompt-bool.ts
363 silly gunzTarPerm extractEntry dist/util/domains/purchase-domain-if-available.ts
364 silly gunzTarPerm extractEntry dist/util/domains/purchase-domain.ts
365 silly gunzTarPerm extractEntry dist/util/race-async-generators.ts
366 silly gunzTarPerm extractEntry dist/dist/fs/read-config-file.d.ts
367 silly gunzTarPerm extractEntry dist/util/config/read-config.ts
368 silly gunzTarPerm extractEntry dist/util/read-json-file.ts
369 silly gunzTarPerm extractEntry dist/util/read-package.ts
370 silly gunzTarPerm extractEntry dist/util/input/read-standard-input.ts
371 silly gunzTarPerm extractEntry dist/util/dev/templates/redirect.ts
372 silly gunzTarPerm extractEntry dist/util/alias/remove-alias-by-id.ts
373 silly gunzTarPerm extractEntry dist/util/domains/remove-domain-by-name.ts
374 silly gunzTarPerm extractEntry dist/util/env/remove-env-record.ts
375 silly gunzTarPerm extractEntry dist/util/projects/remove-project.ts
376 silly gunzTarPerm extractEntry dist/dist/fs/rename.d.ts
377 silly gunzTarPerm extractEntry dist/util/report-error.ts
378 silly gunzTarPerm extractEntry dist/util/response-error.ts
379 silly gunzTarPerm extractEntry dist/util/returnify-async-generator.ts
380 silly gunzTarPerm extractEntry dist/util/dev/router.ts
381 silly gunzTarPerm extractEntry dist/dist/fs/run-user-scripts.d.ts
382 silly gunzTarPerm extractEntry dist/dist/schemas.d.ts
383 silly gunzTarPerm extractEntry dist/util/input/select-org.ts
384 silly gunzTarPerm extractEntry dist/util/dev/server.ts
385 silly gunzTarPerm extractEntry dist/util/domains/set-custom-suffix.ts
386 silly gunzTarPerm extractEntry dist/util/scale/set-deployment-scale.ts
387 silly gunzTarPerm extractEntry dist/util/domains/setup-domain.ts
388 silly gunzTarPerm extractEntry dist/util/deploy/should-deploy-dir.ts
389 silly gunzTarPerm extractEntry dist/dist/should-serve.d.ts
390 silly gunzTarPerm extractEntry dist/util/sleep.ts
391 silly gunzTarPerm extractEntry dist/util/output/stamp.ts
392 silly gunzTarPerm extractEntry dist/util/certs/start-cert-order.ts
393 silly gunzTarPerm extractEntry dist/util/dev/static-builder.ts
394 silly gunzTarPerm extractEntry dist/dist/fs/stream-to-buffer.d.ts
395 silly gunzTarPerm extractEntry dist/util/strlen.ts
396 silly gunzTarPerm extractEntry dist/util/output/success.ts
397 silly gunzTarPerm extractEntry dist/util/input/text.ts
398 silly gunzTarPerm extractEntry dist/util/to-host.ts
399 silly gunzTarPerm extractEntry dist/util/scale/to-number-or-auto.ts
400 silly gunzTarPerm extractEntry dist/util/domains/transfer-in-domain.ts
401 silly gunzTarPerm extractEntry dist/dist/types.d.ts
402 silly gunzTarPerm extractEntry dist/util/dev/types.ts
403 silly gunzTarPerm extractEntry dist/util/ua-browser.ts
404 silly gunzTarPerm extractEntry dist/util/ua.ts
405 silly gunzTarPerm extractEntry dist/util/unique-strings.ts
406 silly gunzTarPerm extractEntry dist/util/alias/upsert-path-alias.ts
407 silly gunzTarPerm extractEntry dist/util/uuid.ts
408 silly gunzTarPerm extractEntry dist/util/alias/validate-path-alias-rules.ts
409 silly gunzTarPerm extractEntry dist/util/validate-paths.ts
410 silly gunzTarPerm extractEntry dist/util/dev/validate.ts
411 silly gunzTarPerm extractEntry dist/util/scale/verify-deployment-scale.ts
412 silly gunzTarPerm extractEntry dist/util/domains/verify-domain.ts
413 silly gunzTarPerm extractEntry dist/util/scale/wait-verify-deployment-scale.ts
414 silly gunzTarPerm extractEntry dist/util/output/wait.ts
415 silly gunzTarPerm extractEntry dist/util/with-spinner.ts
416 silly gunzTarPerm extractEntry dist/util/dev/yarn-installer.ts
417 silly gunzTarPerm extractEntry dist/util/zeit-world-table.ts
418 silly gunzTarPerm extractEntry dist/util/dev/templates/error_404.tsdef
419 silly gunzTarPerm extractEntry dist/util/dev/templates/error_502.tsdef
420 silly gunzTarPerm extractEntry dist/util/dev/templates/error_base.tsdef
421 silly gunzTarPerm extractEntry dist/util/dev/templates/error.tsdef
422 silly gunzTarPerm extractEntry dist/util/dev/templates/redirect.tsdef
423 silly gunzTarPerm extractEntry dist/NOW_DIR_README.txt
424 silly gunzTarPerm extractEntry dist/util/projects/NOW_DIR_README.txt
425 silly gentlyRm /usr/local/lib/node_modules/.staging/now-b6975e36/node_modules is being purged
426 verbose gentlyRm don't care about contents; nuking /usr/local/lib/node_modules/.staging/now-b6975e36/node_modules
427 silly doParallel preinstall 1
428 silly preinstall now@18.0.0 /usr/local/lib/node_modules/.staging/now-b6975e36
429 info lifecycle now@18.0.0~preinstall: now@18.0.0
430 verbose lifecycle now@18.0.0~preinstall: unsafe-perm in lifecycle true
431 verbose lifecycle now@18.0.0~preinstall: PATH: /usr/share/npm/bin/node-gyp-bin:/usr/local/lib/node_modules/.staging/now-b6975e36/node_modules/.bin:/usr/local/lib/node_modules/.bin:/usr/local/sbin:/usr/local/bin:/usr/sbin:/usr/bin:/sbin:/bin:/snap/bin
432 verbose lifecycle now@18.0.0~preinstall: CWD: /usr/local/lib/node_modules/.staging/now-b6975e36
433 silly lifecycle now@18.0.0~preinstall: Args: [ '-c', 'node ./scripts/preinstall.js' ]
434 silly lifecycle now@18.0.0~preinstall: Returned: code: 1  signal: null
435 info lifecycle now@18.0.0~preinstall: Failed to exec preinstall script
436 verbose unlock done using /home/ann/.npm/_locks/staging-3a08f0df5026584d.lock for /usr/local/lib/node_modules/.staging
437 silly rollbackFailedOptional Starting
438 silly rollbackFailedOptional Finishing
439 silly runTopLevelLifecycles Starting
440 silly runTopLevelLifecycles Finishing
441 silly install printInstalled
442 verbose stack Error: now@18.0.0 preinstall: `node ./scripts/preinstall.js`
442 verbose stack Exit status 1
442 verbose stack     at EventEmitter.<anonymous> (/usr/share/npm/lib/utils/lifecycle.js:232:16)
442 verbose stack     at emitTwo (events.js:126:13)
442 verbose stack     at EventEmitter.emit (events.js:214:7)
442 verbose stack     at ChildProcess.<anonymous> (/usr/share/npm/lib/utils/spawn.js:24:14)
442 verbose stack     at emitTwo (events.js:126:13)
442 verbose stack     at ChildProcess.emit (events.js:214:7)
442 verbose stack     at maybeClose (internal/child_process.js:925:16)
442 verbose stack     at Process.ChildProcess._handle.onexit (internal/child_process.js:209:5)
443 verbose pkgid now@18.0.0
444 verbose cwd /home/ann/homepage
445 error Linux 5.3.0-46-generic
446 error argv "/usr/bin/node" "/usr/bin/npm" "install" "--global" "--unsafe-perm" "now"
447 error node v8.10.0
448 error npm  v3.5.2
449 error code ELIFECYCLE
450 error now@18.0.0 preinstall: `node ./scripts/preinstall.js`
450 error Exit status 1
451 error Failed at the now@18.0.0 preinstall script 'node ./scripts/preinstall.js'.
451 error Make sure you have the latest version of node.js and npm installed.
451 error If you do, this is most likely a problem with the now package,
451 error not with npm itself.
451 error Tell the author that this fails on your system:
451 error     node ./scripts/preinstall.js
451 error You can get information on how to open an issue for this project with:
451 error     npm bugs now
451 error Or if that isn't available, you can get their info via:
451 error     npm owner ls now
451 error There is likely additional logging output above.
452 verbose exit [ 1, true ]
